2024-05-31 00:40:38 [INFO]: Bucket usyd-bucket created.
2024-05-31 00:40:41 [INFO]: Folder academic_advisor/ created in bucket usyd-bucket.
2024-05-31 00:40:41 [INFO]: Folder courses/ created in bucket usyd-bucket.
2024-05-31 00:42:21 [INFO]: Bucket upenn-bucket created.
2024-05-31 00:42:24 [INFO]: Folder academic_advisor/ created in bucket upenn-bucket.
2024-05-31 00:42:24 [INFO]: Folder courses/ created in bucket upenn-bucket.
2024-05-31 00:42:35 [INFO]: Bucket harvard-bucket created.
2024-05-31 00:42:38 [INFO]: Folder academic_advisor/ created in bucket harvard-bucket.
2024-05-31 00:42:38 [INFO]: Folder courses/ created in bucket harvard-bucket.
2024-05-31 00:52:22 [ERROR]: An error occurred while checking/creating the bucket: An error occurred (403) when calling the HeadBucket operation: Forbidden
2024-05-31 00:54:21 [INFO]: Bucket harvard-bucket created.
2024-05-31 00:54:21 [INFO]: Folder academic_advisor/ created in bucket harvard-bucket.
2024-05-31 00:54:21 [INFO]: Folder courses/ created in bucket harvard-bucket.
2024-05-31 00:54:36 [ERROR]: An error occurred while checking/creating the bucket: An error occurred (403) when calling the HeadBucket operation: Forbidden
2024-05-31 00:54:57 [ERROR]: An error occurred while checking/creating the bucket: An error occurred (403) when calling the HeadBucket operation: Forbidden
2024-05-31 00:55:31 [INFO]: Bucket upenn-bucket created.
2024-05-31 00:55:32 [INFO]: Folder academic_advisor/ created in bucket upenn-bucket.
2024-05-31 00:55:32 [INFO]: Folder courses/ created in bucket upenn-bucket.
2024-05-31 10:34:47 [INFO]: Bucket usyd-bucket created.
2024-05-31 10:34:50 [INFO]: Folder academic_advisor/ created in bucket usyd-bucket.
2024-05-31 10:34:50 [INFO]: Folder courses/ created in bucket usyd-bucket.
